d:\программирование\4_сем\матпрога\lab_4\lab_4\lab_4\x64\debug\vc143.pdb
d:\программирование\4_сем\матпрога\lab_4\lab_4\lab_4\x64\debug\vc143.idb
d:\программирование\4_сем\матпрога\lab_4\lab_4\lab_4\x64\debug\task_1.obj
d:\программирование\4_сем\матпрога\lab_4\lab_4\lab_4\x64\debug\matrix.obj
d:\программирование\4_сем\матпрога\lab_4\lab_4\lab_4\x64\debug\levenshtein.obj
d:\программирование\4_сем\матпрога\lab_4\lab_4\x64\debug\lab_4.exe
d:\программирование\4_сем\матпрога\lab_4\lab_4\x64\debug\lab_4.pdb
d:\программирование\4_сем\матпрога\lab_4\lab_4\lab_4\x64\debug\lab_4.ilk
d:\программирование\4_сем\матпрога\lab_4\lab_4\lab_4\x64\debug\source.obj
d:\программирование\4_сем\матпрога\lab_4\lab_4\lab_4\x64\debug\task_2.obj
d:\программирование\4_сем\матпрога\lab_4\lab_4\lab_4\x64\debug\task_3.obj
d:\программирование\4_сем\матпрога\lab_4\lab_4\lab_4\x64\debug\task_5.obj
d:\программирование\4_сем\матпрога\lab_4\lab_4\lab_4\x64\debug\lab_4.tlog\cl.command.1.tlog
d:\программирование\4_сем\матпрога\lab_4\lab_4\lab_4\x64\debug\lab_4.tlog\cl.items.tlog
d:\программирование\4_сем\матпрога\lab_4\lab_4\lab_4\x64\debug\lab_4.tlog\cl.read.1.tlog
d:\программирование\4_сем\матпрога\lab_4\lab_4\lab_4\x64\debug\lab_4.tlog\cl.write.1.tlog
d:\программирование\4_сем\матпрога\lab_4\lab_4\lab_4\x64\debug\lab_4.tlog\link.command.1.tlog
d:\программирование\4_сем\матпрога\lab_4\lab_4\lab_4\x64\debug\lab_4.tlog\link.read.1.tlog
d:\программирование\4_сем\матпрога\lab_4\lab_4\lab_4\x64\debug\lab_4.tlog\link.secondary.1.tlog
d:\программирование\4_сем\матпрога\lab_4\lab_4\lab_4\x64\debug\lab_4.tlog\link.write.1.tlog
